<?xml version="1.0" encoding="UTF-8"?>
<!-- Generated by org.testng.reporters.JUnitReportReporter -->
<testsuite hostname="DESKTOP-2GD0FUF" failures="0" tests="3" name="task5.task5.CalculatorAppTest" time="0.046" errors="0" timestamp="2024-04-03T10:53:54 IST" skipped="0">
  <testcase classname="task5.task5.CalculatorAppTest" name="testMul" time="0.002"/>
  <testcase classname="task5.task5.CalculatorAppTest" name="testSub" time="0.002"/>
  <testcase classname="task5.task5.CalculatorAppTest" name="testAdd" time="0.042"/>
</testsuite> <!-- task5.task5.CalculatorAppTest -->
