<?xml version="1.0" encoding="UTF-8"?>
<!-- Generated by org.testng.reporters.JUnitReportReporter -->
<testsuite hostname="DESKTOP-2GD0FUF" failures="0" tests="1" name="task5.task5.AppTest" time="0.003" errors="0" timestamp="2024-04-03T10:36:38 IST" skipped="0">
  <testcase classname="task5.task5.AppTest" name="testApp" time="0.003"/>
</testsuite> <!-- task5.task5.AppTest -->
